[debug] [2018-10-08T09:26:31.597Z] ----------------------------------------------------------------------
[debug] [2018-10-08T09:26:31.599Z] Command:       /usr/local/bin/node /usr/local/bin/firebase serve --only functions
[debug] [2018-10-08T09:26:31.599Z] CLI Version:   5.0.1
[debug] [2018-10-08T09:26:31.599Z] Platform:      darwin
[debug] [2018-10-08T09:26:31.599Z] Node Version:  v9.1.0
[debug] [2018-10-08T09:26:31.600Z] Time:          Mon Oct 08 2018 17:26:31 GMT+0800 (CST)
[debug] [2018-10-08T09:26:31.600Z] ----------------------------------------------------------------------
[debug] 
[debug] [2018-10-08T09:26:31.610Z] > command requires scopes: ["email","openid","https://www.googleapis.com/auth/cloudplatformprojects.readonly","https://www.googleapis.com/auth/firebase","https://www.googleapis.com/auth/cloud-platform"]
[debug] [2018-10-08T09:26:31.611Z] > authorizing via signed-in user
[debug] [2018-10-08T09:26:31.611Z] [iam] checking project wowbridge88 for permissions ["firebase.projects.get"]
[debug] [2018-10-08T09:26:31.612Z] >>> HTTP REQUEST POST https://cloudresourcemanager.googleapis.com/v1/projects/wowbridge88:testIamPermissions  

[debug] [2018-10-08T09:26:32.581Z] <<< HTTP RESPONSE 200
[debug] [2018-10-08T09:26:32.582Z] >>> HTTP REQUEST GET https://cloudresourcemanager.googleapis.com/v1/projects/wowbridge88  
 
[debug] [2018-10-08T09:26:33.521Z] <<< HTTP RESPONSE 200
[info] 
[info] === Serving from '/Users/liuchienwen/Bridge'...
[info] 
[info] i  functions: Preparing to emulate functions.
[debug] [2018-10-08T09:26:33.984Z] Fetching environment
[debug] [2018-10-08T09:26:33.986Z] >>> HTTP REQUEST GET https://mobilesdk-pa.googleapis.com/v1/projects/862342003288:getServerAppConfig  
 
[debug] [2018-10-08T09:26:34.318Z] <<< HTTP RESPONSE 200
[debug] [2018-10-08T09:26:34.318Z] Starting @google-cloud/functions-emulator
[debug] [2018-10-08T09:26:35.392Z] Parsing function triggers
[info] ✔  functions: helloWorld: http://localhost:5000/wowbridge88/us-central1/helloWorld
